0 info it worked if it ends with ok
1 verbose cli [ 'node', '/usr/local/bin/npm', 'run', 'test' ]
2 info using npm@1.4.24
3 info using node@v0.10.32
4 verbose node symlink /usr/local/bin/node
5 verbose run-script [ 'pretest', 'test', 'posttest' ]
6 info pretest Typographilic@
7 info test Typographilic@
8 verbose unsafe-perm in lifecycle true
9 info Typographilic@ Failed to exec test script
10 error Typographilic@ test: `mocha`
10 error Exit status 2
11 error Failed at the Typographilic@ test script.
11 error This is most likely a problem with the Typographilic package,
11 error not with npm itself.
11 error Tell the author that this fails on your system:
11 error     mocha
11 error You can get their info via:
11 error     npm owner ls Typographilic
11 error There is likely additional logging output above.
12 error System Darwin 14.1.0
13 error command "node" "/usr/local/bin/npm" "run" "test"
14 error cwd /Users/adamwaselnuk/code/typographilic
15 error node -v v0.10.32
16 error npm -v 1.4.24
17 error code ELIFECYCLE
18 verbose exit [ 1, true ]
